<?xml version="1.0" encoding="UTF-8"?>
<!-- Generated by org.testng.reporters.JUnitXMLReporter -->
<testsuite hostname="Ashish" ignored="1" name="function" tests="1" failures="0" timestamp="02 Jan 2020 05:39:55 GMT" time="7.751" errors="0">
  <testcase name="verifyPageTitle" time="0.012" classname="com.qa.sampletests.GoogleHomePageTest"/>
  <testcase name="failedPageTitle" time="0.0" classname="com.qa.sampletests.GoogleHomePageTest">
    <ignored/>
  </testcase> <!-- failedPageTitle -->
</testsuite> <!-- function -->
