<?xml version="1.0" encoding="UTF-8"?>
<testng-results skipped="0" failed="0" ignored="1" total="2" passed="1">
  <reporter-output>
  </reporter-output>
  <suite name="Suite1" duration-ms="7751" started-at="2020-01-02T05:39:48Z" finished-at="2020-01-02T05:39:55Z">
    <groups>
    </groups>
    <test name="function" duration-ms="7751" started-at="2020-01-02T05:39:48Z" finished-at="2020-01-02T05:39:55Z">
      <class name="com.qa.sampletests.GoogleHomePageTest">
        <test-method status="PASS" signature="setup()[pri:0, instance:com.qa.sampletests.GoogleHomePageTest@5e57643e]" name="setup" is-config="true" duration-ms="5511" started-at="2020-01-02T05:39:48Z" finished-at="2020-01-02T05:39:53Z">
          <reporter-output>
          </reporter-output>
        </test-method> <!-- setup -->
        <test-method status="PASS" signature="verifyPageTitle()[pri:0, instance:com.qa.sampletests.GoogleHomePageTest@5e57643e]" name="verifyPageTitle" duration-ms="12" started-at="2020-01-02T05:39:53Z" finished-at="2020-01-02T05:39:53Z">
          <reporter-output>
          </reporter-output>
        </test-method> <!-- verifyPageTitle -->
        <test-method status="PASS" signature="tearDown()[pri:0, instance:com.qa.sampletests.GoogleHomePageTest@5e57643e]" name="tearDown" is-config="true" duration-ms="2181" started-at="2020-01-02T05:39:53Z" finished-at="2020-01-02T05:39:55Z">
          <reporter-output>
          </reporter-output>
        </test-method> <!-- tearDown -->
      </class> <!-- com.qa.sampletests.GoogleHomePageTest -->
    </test> <!-- function -->
  </suite> <!-- Suite1 -->
</testng-results>
